<?xml version="1.0" encoding="UTF-8"?>
<!-- Generated by org.testng.reporters.JUnitXMLReporter -->
<testsuite ignored="5" hostname="DW0820" failures="0" tests="3" name="Test" time="0.156" errors="0" timestamp="2022-06-27T20:17:22 IST">
  <testcase classname="TestNG.example11_grouping1" name="TC3" time="0.025"/>
  <testcase classname="TestNG.example11_grouping2" name="TC2" time="0.003"/>
  <testcase classname="TestNG.example11_grouping2" name="TC3" time="0.005"/>
  <testcase classname="TestNG.example11_grouping1" name="TC1" time="0.0">
    <ignored/>
  </testcase> <!-- TC1 -->
  <testcase classname="TestNG.example11_grouping1" name="TC4" time="0.0">
    <ignored/>
  </testcase> <!-- TC4 -->
  <testcase classname="TestNG.example11_grouping2" name="TC4" time="0.0">
    <ignored/>
  </testcase> <!-- TC4 -->
  <testcase classname="TestNG.example11_grouping1" name="TC2" time="0.0">
    <ignored/>
  </testcase> <!-- TC2 -->
  <testcase classname="TestNG.example11_grouping2" name="TC1" time="0.0">
    <ignored/>
  </testcase> <!-- TC1 -->
</testsuite> <!-- Test -->
