<?xml version="1.0" encoding="UTF-8"?>
<!-- Generated by org.testng.reporters.JUnitXMLReporter -->
<testsuite ignored="3" hostname="DW0820" failures="0" tests="5" name="Test1" time="0.157" errors="0" timestamp="2022-06-27T20:23:00 IST">
  <testcase classname="TestNG.example11_grouping1" name="TC3" time="0.019"/>
  <testcase classname="TestNG.example11_grouping1" name="TC4" time="0.003"/>
  <testcase classname="TestNG.example11_grouping2" name="TC2" time="0.001"/>
  <testcase classname="TestNG.example11_grouping2" name="TC3" time="0.003"/>
  <testcase classname="TestNG.example11_grouping2" name="TC4" time="0.005"/>
  <testcase classname="TestNG.example11_grouping1" name="TC1" time="0.0">
    <ignored/>
  </testcase> <!-- TC1 -->
  <testcase classname="TestNG.example11_grouping1" name="TC2" time="0.0">
    <ignored/>
  </testcase> <!-- TC2 -->
  <testcase classname="TestNG.example11_grouping2" name="TC1" time="0.0">
    <ignored/>
  </testcase> <!-- TC1 -->
</testsuite> <!-- Test1 -->
